[2024-02-26 11:19:01] Starting Aeros\App\Queues\Crons\EveryMinuteCron at 0.75578400 1708975141
[2024-02-26 11:19:01] Finished Aeros\App\Queues\Crons\EveryMinuteCron at 0.77043100 1708975141:: Array
(
    [0] => root        1834 14.0  1.8  97324 37264 ?        S    11:19   0:00 /usr/bin/php
    [1] => root        1843  0.0  0.0   8900   736 ?        S    11:19   0:00 grep php
)

[2024-02-26 11:20:02] Starting Aeros\App\Queues\Crons\Every10MinutesCron at 0.10463900 1708975202
[2024-02-26 11:20:02] Finished Aeros\App\Queues\Crons\Every10MinutesCron at 0.11381700 1708975202:: Array
(
    [0] => root        1856  0.0  0.0   8900   736 ?        S    11:20   0:00 grep httpd
)

[2024-02-26 11:20:02] Starting Aeros\App\Queues\Crons\EveryMinuteCron at 0.11509400 1708975202
[2024-02-26 11:20:02] Finished Aeros\App\Queues\Crons\EveryMinuteCron at 0.12271300 1708975202:: Array
(
    [0] => root        1847  0.0  1.8  97324 37272 ?        S    11:20   0:00 /usr/bin/php
    [1] => root        1859  0.0  0.0   8900   668 ?        S    11:20   0:00 grep php
)

[2024-02-26 11:21:01] Starting Aeros\App\Queues\Crons\EveryMinuteCron at 0.43838100 1708975261
[2024-02-26 11:21:01] Finished Aeros\App\Queues\Crons\EveryMinuteCron at 0.45124600 1708975261:: Array
(
    [0] => root        1878 11.0  1.8  97324 37224 ?        S    11:21   0:00 /usr/bin/php
    [1] => root        1887  0.0  0.0   8900   664 ?        S    11:21   0:00 grep php
)

[2024-02-26 11:22:01] Starting Aeros\App\Queues\Crons\EveryMinuteCron at 0.79490800 1708975321
[2024-02-26 11:22:01] Finished Aeros\App\Queues\Crons\EveryMinuteCron at 0.80530000 1708975321:: Array
(
    [0] => root        1891  0.0  1.8  97324 37124 ?        S    11:22   0:00 /usr/bin/php
    [1] => root        1900  0.0  0.0   8900   664 ?        S    11:22   0:00 grep php
)

[2024-02-26 11:23:02] Starting Aeros\App\Queues\Crons\EveryMinuteCron at 0.18360500 1708975382
[2024-02-26 11:23:02] Finished Aeros\App\Queues\Crons\EveryMinuteCron at 0.19376100 1708975382:: Array
(
    [0] => root        1904  0.0  1.8  97324 36812 ?        S    11:23   0:00 /usr/bin/php
    [1] => root        1913  0.0  0.0   8900   736 ?        S    11:23   0:00 grep php
)

[2024-02-26 11:24:01] Starting Aeros\App\Queues\Crons\EveryMinuteCron at 0.44519400 1708975441
[2024-02-26 11:24:01] Finished Aeros\App\Queues\Crons\EveryMinuteCron at 0.45711700 1708975441:: Array
(
    [0] => root        1917 11.0  1.8  97324 37280 ?        S    11:24   0:00 /usr/bin/php
    [1] => root        1926  0.0  0.0   8900   740 ?        S    11:24   0:00 grep php
)

[2024-02-26 11:25:01] Starting Aeros\App\Queues\Crons\EveryMinuteCron at 0.76901800 1708975501
[2024-02-26 11:25:01] Finished Aeros\App\Queues\Crons\EveryMinuteCron at 0.78628800 1708975501:: Array
(
    [0] => root        1933  0.0  1.8  97324 37040 ?        S    11:25   0:00 /usr/bin/php
    [1] => root        1942  0.0  0.0   8900   736 ?        S    11:25   0:00 grep php
)

[2024-02-26 11:26:02] Starting Aeros\App\Queues\Crons\EveryMinuteCron at 0.16655000 1708975562
[2024-02-26 11:26:02] Finished Aeros\App\Queues\Crons\EveryMinuteCron at 0.17740400 1708975562:: Array
(
    [0] => root        1947  0.0  1.8  97324 37268 ?        S    11:26   0:00 /usr/bin/php
    [1] => root        1956  0.0  0.0   8900   732 ?        S    11:26   0:00 grep php
)

[2024-02-26 11:27:01] Starting Aeros\App\Queues\Crons\EveryMinuteCron at 0.40804800 1708975621
[2024-02-26 11:27:01] Finished Aeros\App\Queues\Crons\EveryMinuteCron at 0.42102900 1708975621:: Array
(
    [0] => root        1960  0.0  1.8  97324 37376 ?        S    11:27   0:00 /usr/bin/php
    [1] => root        1969  0.0  0.0   8900   736 ?        S    11:27   0:00 grep php
)

[2024-02-26 11:28:01] Starting Aeros\App\Queues\Crons\EveryMinuteCron at 0.92495600 1708975681
[2024-02-26 11:28:01] Finished Aeros\App\Queues\Crons\EveryMinuteCron at 0.93630400 1708975681:: Array
(
    [0] => root        1973  0.0  1.8  97324 37068 ?        S    11:28   0:00 /usr/bin/php
    [1] => root        1982  0.0  0.0   8900   736 ?        S    11:28   0:00 grep php
)

[2024-02-26 11:29:02] Starting Aeros\App\Queues\Crons\EveryMinuteCron at 0.38867000 1708975742
[2024-02-26 11:29:02] Finished Aeros\App\Queues\Crons\EveryMinuteCron at 0.40578100 1708975742:: Array
(
    [0] => root        1987  0.0  1.8  97324 37088 ?        S    11:29   0:00 /usr/bin/php
    [1] => root        1996  0.0  0.0   8900   672 ?        S    11:29   0:00 grep php
)

[2024-02-26 11:30:01] Starting Aeros\App\Queues\Crons\Every10MinutesCron at 0.60800100 1708975801
[2024-02-26 11:30:01] Finished Aeros\App\Queues\Crons\Every10MinutesCron at 0.61857800 1708975801:: Array
(
    [0] => root        2009  0.0  0.0   8900   736 ?        S    11:30   0:00 grep httpd
)

[2024-02-26 11:30:01] Starting Aeros\App\Queues\Crons\EveryMinuteCron at 0.62002500 1708975801
[2024-02-26 11:30:01] Finished Aeros\App\Queues\Crons\EveryMinuteCron at 0.62938300 1708975801:: Array
(
    [0] => root        2000  8.0  1.8  97324 37200 ?        S    11:30   0:00 /usr/bin/php
    [1] => root        2012  0.0  0.0   8900   676 ?        S    11:30   0:00 grep php
)

[2024-02-26 11:31:02] Starting Aeros\App\Queues\Crons\EveryMinuteCron at 0.00141700 1708975862
[2024-02-26 11:31:02] Finished Aeros\App\Queues\Crons\EveryMinuteCron at 0.01185000 1708975862:: Array
(
    [0] => root        2016  0.0  1.8  97324 36784 ?        S    11:31   0:00 /usr/bin/php
    [1] => root        2026  0.0  0.0   8900   736 ?        S    11:31   0:00 grep php
)

[2024-02-26 11:32:01] Starting Aeros\App\Queues\Crons\EveryMinuteCron at 0.30701000 1708975921
[2024-02-26 11:32:01] Finished Aeros\App\Queues\Crons\EveryMinuteCron at 0.31680700 1708975921:: Array
(
    [0] => root        2030  0.0  1.8  97324 37148 ?        S    11:32   0:00 /usr/bin/php
    [1] => root        2039  0.0  0.0   8900   740 ?        S    11:32   0:00 grep php
)

[2024-02-26 11:33:01] Starting Aeros\App\Queues\Crons\EveryMinuteCron at 0.63548300 1708975981
[2024-02-26 11:33:01] Finished Aeros\App\Queues\Crons\EveryMinuteCron at 0.64506500 1708975981:: Array
(
    [0] => root        2043  9.0  1.8  97324 37108 ?        S    11:33   0:00 /usr/bin/php
    [1] => root        2052  0.0  0.0   8900   724 ?        S    11:33   0:00 grep php
)

[2024-02-26 11:34:02] Starting Aeros\App\Queues\Crons\EveryMinuteCron at 0.03764900 1708976042
[2024-02-26 11:34:02] Finished Aeros\App\Queues\Crons\EveryMinuteCron at 0.04848200 1708976042:: Array
(
    [0] => root        2056  0.0  1.8  97324 37288 ?        S    11:34   0:00 /usr/bin/php
    [1] => root        2065  0.0  0.0   8900   720 ?        S    11:34   0:00 grep php
)

[2024-02-26 11:35:01] Starting Aeros\App\Queues\Crons\EveryMinuteCron at 0.24230100 1708976101
[2024-02-26 11:35:01] Finished Aeros\App\Queues\Crons\EveryMinuteCron at 0.25195700 1708976101:: Array
(
    [0] => root        2072  0.0  1.8  97324 36956 ?        S    11:35   0:00 /usr/bin/php
    [1] => root        2081  0.0  0.0   8900   740 ?        S    11:35   0:00 grep php
)

[2024-02-26 11:36:01] Starting Aeros\App\Queues\Crons\EveryMinuteCron at 0.56091400 1708976161
[2024-02-26 11:36:01] Finished Aeros\App\Queues\Crons\EveryMinuteCron at 0.57057400 1708976161:: Array
(
    [0] => root        2086  9.0  1.8  97324 37144 ?        S    11:36   0:00 /usr/bin/php
    [1] => root        2095  0.0  0.0   8900   740 ?        S    11:36   0:00 grep php
)

[2024-02-26 11:37:01] Starting Aeros\App\Queues\Crons\EveryMinuteCron at 0.92916600 1708976221
[2024-02-26 11:37:01] Finished Aeros\App\Queues\Crons\EveryMinuteCron at 0.94524800 1708976221:: Array
(
    [0] => root        2100  0.0  1.8  97324 37196 ?        S    11:37   0:00 /usr/bin/php
    [1] => root        2109  0.0  0.0   8900   728 ?        S    11:37   0:00 grep php
)

[2024-02-26 11:38:02] Starting Aeros\App\Queues\Crons\EveryMinuteCron at 0.25953400 1708976282
[2024-02-26 11:38:02] Finished Aeros\App\Queues\Crons\EveryMinuteCron at 0.26928700 1708976282:: Array
(
    [0] => root        2113  0.0  1.8  97324 37192 ?        S    11:38   0:00 /usr/bin/php
    [1] => root        2122  0.0  0.0   8900   732 ?        S    11:38   0:00 grep php
)

[2024-02-26 11:39:01] Starting Aeros\App\Queues\Crons\EveryMinuteCron at 0.44866800 1708976341
[2024-02-26 11:39:01] Finished Aeros\App\Queues\Crons\EveryMinuteCron at 0.46034000 1708976341:: Array
(
    [0] => root        2153  7.0  1.8  97324 37192 ?        S    11:39   0:00 /usr/bin/php
    [1] => root        2162  0.0  0.0   8900   672 ?        S    11:39   0:00 grep php
)

[2024-02-26 11:40:01] Starting Aeros\App\Queues\Crons\Every10MinutesCron at 0.72642100 1708976401
[2024-02-26 11:40:01] Finished Aeros\App\Queues\Crons\Every10MinutesCron at 0.73518600 1708976401:: Array
(
    [0] => root        2236  0.0  0.0   8900   724 ?        S    11:40   0:00 grep httpd
)

[2024-02-26 11:40:01] Starting Aeros\App\Queues\Crons\EveryMinuteCron at 0.73652100 1708976401
[2024-02-26 11:40:01] Finished Aeros\App\Queues\Crons\EveryMinuteCron at 0.74555200 1708976401:: Array
(
    [0] => root        2227  0.0  1.8  97324 37108 ?        S    11:40   0:00 /usr/bin/php
    [1] => root        2239  0.0  0.0   8900   732 ?        S    11:40   0:00 grep php
)

[2024-02-26 11:41:02] Starting Aeros\App\Queues\Crons\EveryMinuteCron at 0.08927200 1708976462
[2024-02-26 11:41:02] Finished Aeros\App\Queues\Crons\EveryMinuteCron at 0.09814300 1708976462:: Array
(
    [0] => root        2243  0.0  1.8  97324 37136 ?        S    11:41   0:00 /usr/bin/php
    [1] => root        2252  0.0  0.0   8900   740 ?        S    11:41   0:00 grep php
)

[2024-02-26 11:42:01] Starting Aeros\App\Queues\Crons\EveryMinuteCron at 0.30424100 1708976521
[2024-02-26 11:42:01] Finished Aeros\App\Queues\Crons\EveryMinuteCron at 0.32049200 1708976521:: Array
(
    [0] => root        2257  0.0  1.8  97324 36932 ?        S    11:42   0:00 /usr/bin/php
    [1] => root        2266  0.0  0.0   8900   740 ?        S    11:42   0:00 grep php
)

[2024-02-26 11:43:01] Starting Aeros\App\Queues\Crons\EveryMinuteCron at 0.61375800 1708976581
[2024-02-26 11:43:01] Finished Aeros\App\Queues\Crons\EveryMinuteCron at 0.62332300 1708976581:: Array
(
    [0] => root        2271  9.0  1.8  97324 37340 ?        S    11:43   0:00 /usr/bin/php
    [1] => root        2280  0.0  0.0   8900   740 ?        S    11:43   0:00 grep php
)

[2024-02-26 11:44:01] Starting Aeros\App\Queues\Crons\EveryMinuteCron at 0.93625700 1708976641
[2024-02-26 11:44:01] Finished Aeros\App\Queues\Crons\EveryMinuteCron at 0.94770000 1708976641:: Array
(
    [0] => root        2284  0.0  1.8  97324 37220 ?        S    11:44   0:00 /usr/bin/php
    [1] => root        2293  0.0  0.0   8900   736 ?        S    11:44   0:00 grep php
)

[2024-02-26 11:45:02] Starting Aeros\App\Queues\Crons\EveryMinuteCron at 0.27885600 1708976702
[2024-02-26 11:45:02] Finished Aeros\App\Queues\Crons\EveryMinuteCron at 0.28771700 1708976702:: Array
(
    [0] => root        2300  0.0  1.8  97324 36840 ?        S    11:45   0:00 /usr/bin/php
    [1] => root        2309  0.0  0.0   8900   740 ?        S    11:45   0:00 grep php
)

[2024-02-26 11:46:01] Starting Aeros\App\Queues\Crons\EveryMinuteCron at 0.48204000 1708976761
[2024-02-26 11:46:01] Finished Aeros\App\Queues\Crons\EveryMinuteCron at 0.49397000 1708976761:: Array
(
    [0] => root        2313 12.0  1.8  97324 37228 ?        S    11:46   0:00 /usr/bin/php
    [1] => root        2322  0.0  0.0   8900   736 ?        S    11:46   0:00 grep php
)

[2024-02-26 11:47:01] Starting Aeros\App\Queues\Crons\EveryMinuteCron at 0.83843800 1708976821
[2024-02-26 11:47:01] Finished Aeros\App\Queues\Crons\EveryMinuteCron at 0.85019300 1708976821:: Array
(
    [0] => root        2326  0.0  1.8  97324 37232 ?        S    11:47   0:00 /usr/bin/php
    [1] => root        2335  0.0  0.0   8900   668 ?        S    11:47   0:00 grep php
)

[2024-02-26 11:48:02] Starting Aeros\App\Queues\Crons\EveryMinuteCron at 0.16412900 1708976882
[2024-02-26 11:48:02] Finished Aeros\App\Queues\Crons\EveryMinuteCron at 0.17469800 1708976882:: Array
(
    [0] => root        2340  0.0  1.8  97324 37000 ?        S    11:48   0:00 /usr/bin/php
    [1] => root        2349  0.0  0.0   8900   740 ?        S    11:48   0:00 grep php
)

[2024-02-26 11:49:01] Starting Aeros\App\Queues\Crons\EveryMinuteCron at 0.36611100 1708976941
[2024-02-26 11:49:01] Finished Aeros\App\Queues\Crons\EveryMinuteCron at 0.37536900 1708976941:: Array
(
    [0] => root        2353  0.0  1.8  97324 37056 ?        S    11:49   0:00 /usr/bin/php
    [1] => root        2362  0.0  0.0   8900   740 ?        S    11:49   0:00 grep php
)

[2024-02-26 11:50:01] Starting Aeros\App\Queues\Crons\Every10MinutesCron at 0.90511200 1708977001
[2024-02-26 11:50:01] Finished Aeros\App\Queues\Crons\Every10MinutesCron at 0.92008300 1708977001:: Array
(
    [0] => root        2376  0.0  0.0   8900   664 ?        S    11:50   0:00 grep httpd
)

[2024-02-26 11:50:01] Starting Aeros\App\Queues\Crons\EveryMinuteCron at 0.92190400 1708977001
[2024-02-26 11:50:01] Finished Aeros\App\Queues\Crons\EveryMinuteCron at 0.93514700 1708977001:: Array
(
    [0] => root        2367 13.0  1.8  97324 37172 ?        S    11:50   0:00 /usr/bin/php
    [1] => root        2379  0.0  0.0   8900   732 ?        S    11:50   0:00 grep php
)

[2024-02-26 11:51:02] Starting Aeros\App\Queues\Crons\EveryMinuteCron at 0.33544600 1708977062
[2024-02-26 11:51:02] Finished Aeros\App\Queues\Crons\EveryMinuteCron at 0.34770000 1708977062:: Array
(
    [0] => root        2383  0.0  1.8  97324 37136 ?        S    11:51   0:00 /usr/bin/php
    [1] => root        2392  0.0  0.0   8900   732 ?        S    11:51   0:00 grep php
)

[2024-02-26 11:52:01] Starting Aeros\App\Queues\Crons\EveryMinuteCron at 0.55444200 1708977121
[2024-02-26 11:52:01] Finished Aeros\App\Queues\Crons\EveryMinuteCron at 0.56344000 1708977121:: Array
(
    [0] => root        2396  9.0  1.8  97324 37184 ?        S    11:52   0:00 /usr/bin/php
    [1] => root        2405  0.0  0.0   8900   736 ?        S    11:52   0:00 grep php
)

[2024-02-26 11:53:01] Starting Aeros\App\Queues\Crons\EveryMinuteCron at 0.89940400 1708977181
[2024-02-26 11:53:01] Finished Aeros\App\Queues\Crons\EveryMinuteCron at 0.91697700 1708977181:: Array
(
    [0] => root        2409  0.0  1.8  97324 37108 ?        S    11:53   0:00 /usr/bin/php
    [1] => root        2418  0.0  0.0   8900   736 ?        S    11:53   0:00 grep php
)

[2024-02-26 11:54:02] Starting Aeros\App\Queues\Crons\EveryMinuteCron at 0.35045600 1708977242
[2024-02-26 11:54:02] Finished Aeros\App\Queues\Crons\EveryMinuteCron at 0.36229600 1708977242:: Array
(
    [0] => root        2423  0.0  1.8  97324 37116 ?        S    11:54   0:00 /usr/bin/php
    [1] => root        2432  0.0  0.0   8900   668 ?        S    11:54   0:00 grep php
)

[2024-02-26 11:55:01] Starting Aeros\App\Queues\Crons\EveryMinuteCron at 0.53709800 1708977301
[2024-02-26 11:55:01] Finished Aeros\App\Queues\Crons\EveryMinuteCron at 0.55163900 1708977301:: Array
(
    [0] => root        2440 12.0  1.8  97324 37352 ?        S    11:55   0:00 /usr/bin/php
    [1] => root        2449  0.0  0.0   8900   664 ?        S    11:55   0:00 grep php
)

[2024-02-26 11:56:01] Starting Aeros\App\Queues\Crons\EveryMinuteCron at 0.93900000 1708977361
[2024-02-26 11:56:01] Finished Aeros\App\Queues\Crons\EveryMinuteCron at 0.95337000 1708977361:: Array
(
    [0] => root        2453  0.0  1.8  97324 37104 ?        S    11:56   0:00 /usr/bin/php
    [1] => root        2462  0.0  0.0   8900   672 ?        S    11:56   0:00 grep php
)

[2024-02-26 11:57:02] Starting Aeros\App\Queues\Crons\EveryMinuteCron at 0.29055500 1708977422
[2024-02-26 11:57:02] Finished Aeros\App\Queues\Crons\EveryMinuteCron at 0.30429000 1708977422:: Array
(
    [0] => root        2466  0.0  1.8  97324 37112 ?        S    11:57   0:00 /usr/bin/php
    [1] => root        2475  0.0  0.0   8900   736 ?        S    11:57   0:00 grep php
)

[2024-02-26 11:58:01] Starting Aeros\App\Queues\Crons\EveryMinuteCron at 0.48297700 1708977481
[2024-02-26 11:58:01] Finished Aeros\App\Queues\Crons\EveryMinuteCron at 0.49551200 1708977481:: Array
(
    [0] => root        2479 11.0  1.8  97324 36920 ?        S    11:58   0:00 /usr/bin/php
    [1] => root        2488  0.0  0.0   8900   736 ?        S    11:58   0:00 grep php
)

[2024-02-26 11:59:01] Starting Aeros\App\Queues\Crons\EveryMinuteCron at 0.99195800 1708977541
[2024-02-26 11:59:02] Finished Aeros\App\Queues\Crons\EveryMinuteCron at 0.00462000 1708977542:: Array
(
    [0] => root        2493  0.0  1.8  97324 37180 ?        S    11:59   0:00 /usr/bin/php
    [1] => root        2502  0.0  0.0   8900   732 ?        S    11:59   0:00 grep php
)

[2024-02-26 12:00:01] Starting Aeros\App\Queues\Crons\Every10MinutesCron at 0.21844200 1708977601
[2024-02-26 12:00:01] Finished Aeros\App\Queues\Crons\Every10MinutesCron at 0.22854500 1708977601:: Array
(
    [0] => root        2515  0.0  0.0   8900   668 ?        S    12:00   0:00 grep httpd
)

[2024-02-26 12:00:01] Starting Aeros\App\Queues\Crons\EveryMinuteCron at 0.23003500 1708977601
[2024-02-26 12:00:01] Finished Aeros\App\Queues\Crons\EveryMinuteCron at 0.23961400 1708977601:: Array
(
    [0] => root        2506  0.0  1.8  97324 37224 ?        S    12:00   0:00 /usr/bin/php
    [1] => root        2518  0.0  0.0   8900   736 ?        S    12:00   0:00 grep php
)

[2024-02-26 12:01:01] Starting Aeros\App\Queues\Crons\EveryMinuteCron at 0.58194100 1708977661
[2024-02-26 12:01:01] Finished Aeros\App\Queues\Crons\EveryMinuteCron at 0.59254700 1708977661:: Array
(
    [0] => root        2522 10.0  1.8  97324 36992 ?        S    12:01   0:00 /usr/bin/php
    [1] => root        2531  0.0  0.0   8900   732 ?        S    12:01   0:00 grep php
)

[2024-02-26 12:02:01] Starting Aeros\App\Queues\Crons\EveryMinuteCron at 0.92153500 1708977721
[2024-02-26 12:02:01] Finished Aeros\App\Queues\Crons\EveryMinuteCron at 0.93029100 1708977721:: Array
(
    [0] => root        2535  0.0  1.8  97324 37056 ?        S    12:02   0:00 /usr/bin/php
    [1] => root        2544  0.0  0.0   8900   736 ?        S    12:02   0:00 grep php
)

[2024-02-26 12:03:02] Starting Aeros\App\Queues\Crons\EveryMinuteCron at 0.22987800 1708977782
[2024-02-26 12:03:02] Finished Aeros\App\Queues\Crons\EveryMinuteCron at 0.24130500 1708977782:: Array
(
    [0] => root        2548  0.0  1.8  97324 37088 ?        S    12:03   0:00 /usr/bin/php
    [1] => root        2557  0.0  0.0   8900   668 ?        S    12:03   0:00 grep php
)

[2024-02-26 12:04:01] Starting Aeros\App\Queues\Crons\EveryMinuteCron at 0.43356600 1708977841
[2024-02-26 12:04:01] Finished Aeros\App\Queues\Crons\EveryMinuteCron at 0.44340300 1708977841:: Array
(
    [0] => root        2562  8.0  1.8  97324 37152 ?        S    12:04   0:00 /usr/bin/php
    [1] => root        2571  0.0  0.0   8900   672 ?        S    12:04   0:00 grep php
)

[2024-02-26 12:05:01] Starting Aeros\App\Queues\Crons\EveryMinuteCron at 0.73832500 1708977901
[2024-02-26 12:05:01] Finished Aeros\App\Queues\Crons\EveryMinuteCron at 0.74870800 1708977901:: Array
(
    [0] => root        2579  0.0  1.8  97324 36896 ?        S    12:05   0:00 /usr/bin/php
    [1] => root        2588  0.0  0.0   8900   736 ?        S    12:05   0:00 grep php
)

[2024-02-26 12:06:02] Starting Aeros\App\Queues\Crons\EveryMinuteCron at 0.08369000 1708977962
[2024-02-26 12:06:02] Finished Aeros\App\Queues\Crons\EveryMinuteCron at 0.09324300 1708977962:: Array
(
    [0] => root        2592  0.0  1.8  97324 37296 ?        S    12:06   0:00 /usr/bin/php
    [1] => root        2601  0.0  0.0   8900   736 ?        S    12:06   0:00 grep php
)

[2024-02-26 12:07:01] Starting Aeros\App\Queues\Crons\EveryMinuteCron at 0.27850600 1708978021
[2024-02-26 12:07:01] Finished Aeros\App\Queues\Crons\EveryMinuteCron at 0.28702300 1708978021:: Array
(
    [0] => root        2605  0.0  1.8  97324 37176 ?        S    12:07   0:00 /usr/bin/php
    [1] => root        2614  0.0  0.0   8900   736 ?        S    12:07   0:00 grep php
)

[2024-02-26 12:08:01] Starting Aeros\App\Queues\Crons\EveryMinuteCron at 0.61922100 1708978081
[2024-02-26 12:08:01] Finished Aeros\App\Queues\Crons\EveryMinuteCron at 0.63972000 1708978081:: Array
(
    [0] => root        2618 18.0  1.8  97324 37044 ?        S    12:08   0:00 /usr/bin/php
    [1] => root        2627  0.0  0.0   8900   732 ?        S    12:08   0:00 grep php
)

[2024-02-26 12:09:01] Starting Aeros\App\Queues\Crons\EveryMinuteCron at 0.96548500 1708978141
[2024-02-26 12:09:01] Finished Aeros\App\Queues\Crons\EveryMinuteCron at 0.98162700 1708978141:: Array
(
    [0] => root        2633  0.0  1.8  97324 36792 ?        S    12:09   0:00 /usr/bin/php
    [1] => root        2642  0.0  0.0   8900   740 ?        S    12:09   0:00 grep php
)

[2024-02-26 12:10:02] Starting Aeros\App\Queues\Crons\Every10MinutesCron at 0.27772000 1708978202
[2024-02-26 12:10:02] Finished Aeros\App\Queues\Crons\Every10MinutesCron at 0.28656600 1708978202:: Array
(
    [0] => root        2719  0.0  0.0   8900   736 ?        S    12:10   0:00 grep httpd
)

[2024-02-26 12:10:02] Starting Aeros\App\Queues\Crons\EveryMinuteCron at 0.28822900 1708978202
[2024-02-26 12:10:02] Finished Aeros\App\Queues\Crons\EveryMinuteCron at 0.29799600 1708978202:: Array
(
    [0] => root        2710  0.0  1.8  97324 36972 ?        S    12:10   0:00 /usr/bin/php
    [1] => root        2722  0.0  0.0   8900   736 ?        S    12:10   0:00 grep php
)

[2024-02-26 12:11:01] Starting Aeros\App\Queues\Crons\EveryMinuteCron at 0.46704200 1708978261
[2024-02-26 12:11:01] Finished Aeros\App\Queues\Crons\EveryMinuteCron at 0.47637200 1708978261:: Array
(
    [0] => root        2726  7.0  1.8  97324 37184 ?        S    12:11   0:00 /usr/bin/php
    [1] => root        2735  0.0  0.0   8900   740 ?        S    12:11   0:00 grep php
)

[2024-02-26 12:12:01] Starting Aeros\App\Queues\Crons\EveryMinuteCron at 0.83154500 1708978321
[2024-02-26 12:12:01] Finished Aeros\App\Queues\Crons\EveryMinuteCron at 0.84103400 1708978321:: Array
(
    [0] => root        2739  0.0  1.8  97324 37380 ?        S    12:12   0:00 /usr/bin/php
    [1] => root        2748  0.0  0.0   8900   732 ?        S    12:12   0:00 grep php
)

[2024-02-26 12:13:02] Starting Aeros\App\Queues\Crons\EveryMinuteCron at 0.18298200 1708978382
[2024-02-26 12:13:02] Finished Aeros\App\Queues\Crons\EveryMinuteCron at 0.19334900 1708978382:: Array
(
    [0] => root        2752  0.0  1.8  97324 37268 ?        S    12:13   0:00 /usr/bin/php
    [1] => root        2761  0.0  0.0   8900   740 ?        S    12:13   0:00 grep php
)

[2024-02-26 12:14:01] Starting Aeros\App\Queues\Crons\EveryMinuteCron at 0.37143000 1708978441
[2024-02-26 12:14:01] Finished Aeros\App\Queues\Crons\EveryMinuteCron at 0.38149500 1708978441:: Array
(
    [0] => root        2765  0.0  1.8  97324 37128 ?        S    12:14   0:00 /usr/bin/php
    [1] => root        2774  0.0  0.0   8900   736 ?        S    12:14   0:00 grep php
)

[2024-02-26 12:15:01] Starting Aeros\App\Queues\Crons\EveryMinuteCron at 0.66708500 1708978501
[2024-02-26 12:15:01] Finished Aeros\App\Queues\Crons\EveryMinuteCron at 0.67706100 1708978501:: Array
(
    [0] => root        2781 10.0  1.8  97324 37272 ?        S    12:15   0:00 /usr/bin/php
    [1] => root        2790  0.0  0.0   8900   732 ?        S    12:15   0:00 grep php
)

[2024-02-26 12:16:02] Starting Aeros\App\Queues\Crons\EveryMinuteCron at 0.01752200 1708978562
[2024-02-26 12:16:02] Finished Aeros\App\Queues\Crons\EveryMinuteCron at 0.02674700 1708978562:: Array
(
    [0] => root        2795  0.0  1.8  97324 36984 ?        S    12:16   0:00 /usr/bin/php
    [1] => root        2804  0.0  0.0   8900   740 ?        S    12:16   0:00 grep php
)

[2024-02-26 12:17:01] Starting Aeros\App\Queues\Crons\EveryMinuteCron at 0.21418800 1708978621
[2024-02-26 12:17:01] Finished Aeros\App\Queues\Crons\EveryMinuteCron at 0.22285600 1708978621:: Array
(
    [0] => root        2811  0.0  1.8  97324 37176 ?        S    12:17   0:00 /usr/bin/php
    [1] => root        2820  0.0  0.0   8900   732 ?        S    12:17   0:00 grep php
)

[2024-02-26 12:18:01] Starting Aeros\App\Queues\Crons\EveryMinuteCron at 0.58285400 1708978681
[2024-02-26 12:18:01] Finished Aeros\App\Queues\Crons\EveryMinuteCron at 0.59148800 1708978681:: Array
(
    [0] => root        2824  9.0  1.8  97324 36940 ?        S    12:18   0:00 /usr/bin/php
    [1] => root        2833  0.0  0.0   8900   732 ?        S    12:18   0:00 grep php
)

[2024-02-26 12:19:01] Starting Aeros\App\Queues\Crons\EveryMinuteCron at 0.93361400 1708978741
[2024-02-26 12:19:01] Finished Aeros\App\Queues\Crons\EveryMinuteCron at 0.94308200 1708978741:: Array
(
    [0] => root        2837  0.0  1.8  97324 37080 ?        S    12:19   0:00 /usr/bin/php
    [1] => root        2846  0.0  0.0   8900   724 ?        S    12:19   0:00 grep php
)

[2024-02-26 12:20:02] Starting Aeros\App\Queues\Crons\Every10MinutesCron at 0.28251000 1708978802
[2024-02-26 12:20:02] Finished Aeros\App\Queues\Crons\Every10MinutesCron at 0.29275100 1708978802:: Array
(
    [0] => root        2859  0.0  0.0   8900   728 ?        S    12:20   0:00 grep httpd
)

[2024-02-26 12:20:02] Starting Aeros\App\Queues\Crons\EveryMinuteCron at 0.29395300 1708978802
[2024-02-26 12:20:02] Finished Aeros\App\Queues\Crons\EveryMinuteCron at 0.30185500 1708978802:: Array
(
    [0] => root        2850  0.0  1.8  97324 37120 ?        S    12:20   0:00 /usr/bin/php
    [1] => root        2862  0.0  0.0   8900   668 ?        S    12:20   0:00 grep php
)

[2024-02-26 12:21:01] Starting Aeros\App\Queues\Crons\EveryMinuteCron at 0.48665600 1708978861
[2024-02-26 12:21:01] Finished Aeros\App\Queues\Crons\EveryMinuteCron at 0.49531300 1708978861:: Array
(
    [0] => root        2866  8.0  1.8  97324 37244 ?        S    12:21   0:00 /usr/bin/php
    [1] => root        2875  0.0  0.0   8900   732 ?        S    12:21   0:00 grep php
)

[2024-02-26 12:22:01] Starting Aeros\App\Queues\Crons\EveryMinuteCron at 0.95162300 1708978921
[2024-02-26 12:22:01] Finished Aeros\App\Queues\Crons\EveryMinuteCron at 0.96162000 1708978921:: Array
(
    [0] => root        2881  0.0  1.8  97324 37140 ?        S    12:22   0:00 /usr/bin/php
    [1] => root        2890  0.0  0.0   8900   728 ?        S    12:22   0:00 grep php
)

[2024-02-26 12:23:02] Starting Aeros\App\Queues\Crons\EveryMinuteCron at 0.24597000 1708978982
[2024-02-26 12:23:02] Finished Aeros\App\Queues\Crons\EveryMinuteCron at 0.25458900 1708978982:: Array
(
    [0] => root        2894  0.0  1.8  97324 37216 ?        S    12:23   0:00 /usr/bin/php
    [1] => root        2903  0.0  0.0   8900   724 ?        S    12:23   0:00 grep php
)

[2024-02-26 12:24:01] Starting Aeros\App\Queues\Crons\EveryMinuteCron at 0.44824400 1708979041
[2024-02-26 12:24:01] Finished Aeros\App\Queues\Crons\EveryMinuteCron at 0.45673400 1708979041:: Array
(
    [0] => root        2907  8.0  1.8  97324 37180 ?        S    12:24   0:00 /usr/bin/php
    [1] => root        2916  0.0  0.0   8900   740 ?        S    12:24   0:00 grep php
)

[2024-02-26 12:25:01] Starting Aeros\App\Queues\Crons\EveryMinuteCron at 0.78928600 1708979101
[2024-02-26 12:25:01] Finished Aeros\App\Queues\Crons\EveryMinuteCron at 0.79807000 1708979101:: Array
(
    [0] => root        2923  0.0  1.8  97324 37132 ?        S    12:25   0:00 /usr/bin/php
    [1] => root        2932  0.0  0.0   8900   676 ?        S    12:25   0:00 grep php
)

[2024-02-26 12:26:02] Starting Aeros\App\Queues\Crons\EveryMinuteCron at 0.14999600 1708979162
[2024-02-26 12:26:02] Finished Aeros\App\Queues\Crons\EveryMinuteCron at 0.15947400 1708979162:: Array
(
    [0] => root        2936  0.0  1.8  97324 37052 ?        S    12:26   0:00 /usr/bin/php
    [1] => root        2945  0.0  0.0   8900   668 ?        S    12:26   0:00 grep php
)

[2024-02-26 12:27:01] Starting Aeros\App\Queues\Crons\EveryMinuteCron at 0.35654300 1708979221
[2024-02-26 12:27:01] Finished Aeros\App\Queues\Crons\EveryMinuteCron at 0.36582300 1708979221:: Array
(
    [0] => root        2949  0.0  1.8  97324 37040 ?        S    12:27   0:00 /usr/bin/php
    [1] => root        2958  0.0  0.0   8900   732 ?        S    12:27   0:00 grep php
)

[2024-02-26 12:28:01] Starting Aeros\App\Queues\Crons\EveryMinuteCron at 0.64647200 1708979281
[2024-02-26 12:28:01] Finished Aeros\App\Queues\Crons\EveryMinuteCron at 0.65503200 1708979281:: Array
(
    [0] => root        2963  8.0  1.8  97324 37240 ?        S    12:28   0:00 /usr/bin/php
    [1] => root        2972  0.0  0.0   8900   720 ?        S    12:28   0:00 grep php
)

[2024-02-26 12:29:01] Starting Aeros\App\Queues\Crons\EveryMinuteCron at 0.97352600 1708979341
[2024-02-26 12:29:01] Finished Aeros\App\Queues\Crons\EveryMinuteCron at 0.98236200 1708979341:: Array
(
    [0] => root        2977  0.0  1.8  97324 37156 ?        S    12:29   0:00 /usr/bin/php
    [1] => root        2986  0.0  0.0   8900   664 ?        S    12:29   0:00 grep php
)

[2024-02-26 12:30:02] Starting Aeros\App\Queues\Crons\Every10MinutesCron at 0.31684500 1708979402
[2024-02-26 12:30:02] Finished Aeros\App\Queues\Crons\Every10MinutesCron at 0.32692800 1708979402:: Array
(
    [0] => root        2999  0.0  0.0   8900   668 ?        S    12:30   0:00 grep httpd
)

[2024-02-26 12:30:02] Starting Aeros\App\Queues\Crons\EveryMinuteCron at 0.32811800 1708979402
[2024-02-26 12:30:02] Finished Aeros\App\Queues\Crons\EveryMinuteCron at 0.33653100 1708979402:: Array
(
    [0] => root        2990  0.0  1.8  97324 37088 ?        S    12:30   0:00 /usr/bin/php
    [1] => root        3002  0.0  0.0   8900   732 ?        S    12:30   0:00 grep php
)

[2024-02-26 12:31:01] Starting Aeros\App\Queues\Crons\EveryMinuteCron at 0.52330400 1708979461
[2024-02-26 12:31:01] Finished Aeros\App\Queues\Crons\EveryMinuteCron at 0.53179500 1708979461:: Array
(
    [0] => root        3006  7.0  1.8  97324 37228 ?        S    12:31   0:00 /usr/bin/php
    [1] => root        3015  0.0  0.0   8900   740 ?        S    12:31   0:00 grep php
)

[2024-02-26 12:32:01] Starting Aeros\App\Queues\Crons\EveryMinuteCron at 0.81722500 1708979521
[2024-02-26 12:32:01] Finished Aeros\App\Queues\Crons\EveryMinuteCron at 0.82715800 1708979521:: Array
(
    [0] => root        3019  0.0  1.8  97324 37012 ?        S    12:32   0:00 /usr/bin/php
    [1] => root        3028  0.0  0.0   8900   672 ?        S    12:32   0:00 grep php
)

[2024-02-26 12:33:02] Starting Aeros\App\Queues\Crons\EveryMinuteCron at 0.07096000 1708979582
[2024-02-26 12:33:02] Finished Aeros\App\Queues\Crons\EveryMinuteCron at 0.07959000 1708979582:: Array
(
    [0] => root        3033  0.0  1.8  97324 36984 ?        S    12:33   0:00 /usr/bin/php
    [1] => root        3042  0.0  0.0   8900   736 ?        S    12:33   0:00 grep php
)

[2024-02-26 12:34:01] Starting Aeros\App\Queues\Crons\EveryMinuteCron at 0.27426600 1708979641
[2024-02-26 12:34:01] Finished Aeros\App\Queues\Crons\EveryMinuteCron at 0.28317500 1708979641:: Array
(
    [0] => root        3046  0.0  1.8  97324 37040 ?        S    12:34   0:00 /usr/bin/php
    [1] => root        3055  0.0  0.0   8900   660 ?        S    12:34   0:00 grep php
)

[2024-02-26 12:35:01] Starting Aeros\App\Queues\Crons\EveryMinuteCron at 0.51323000 1708979701
[2024-02-26 12:35:01] Finished Aeros\App\Queues\Crons\EveryMinuteCron at 0.52236900 1708979701:: Array
(
    [0] => root        3062  9.0  1.8  97324 37084 ?        S    12:35   0:00 /usr/bin/php
    [1] => root        3072  0.0  0.0   8900   672 ?        S    12:35   0:00 grep php
)

[2024-02-26 12:36:01] Starting Aeros\App\Queues\Crons\EveryMinuteCron at 0.85477900 1708979761
[2024-02-26 12:36:01] Finished Aeros\App\Queues\Crons\EveryMinuteCron at 0.86538400 1708979761:: Array
(
    [0] => root        3076  0.0  1.8  97324 37068 ?        S    12:36   0:00 /usr/bin/php
    [1] => root        3085  0.0  0.0   8900   736 ?        S    12:36   0:00 grep php
)

[2024-02-26 12:37:02] Starting Aeros\App\Queues\Crons\EveryMinuteCron at 0.29805800 1708979822
[2024-02-26 12:37:02] Finished Aeros\App\Queues\Crons\EveryMinuteCron at 0.30862100 1708979822:: Array
(
    [0] => root        3089  0.0  1.8  97324 37336 ?        S    12:37   0:00 /usr/bin/php
    [1] => root        3098  0.0  0.0   8900   732 ?        S    12:37   0:00 grep php
)

[2024-02-26 12:38:01] Starting Aeros\App\Queues\Crons\EveryMinuteCron at 0.45749400 1708979881
[2024-02-26 12:38:01] Finished Aeros\App\Queues\Crons\EveryMinuteCron at 0.46628000 1708979881:: Array
(
    [0] => root        3102  6.0  1.8  97324 37324 ?        S    12:38   0:00 /usr/bin/php
    [1] => root        3111  0.0  0.0   8900   672 ?        S    12:38   0:00 grep php
)

[2024-02-26 12:39:01] Starting Aeros\App\Queues\Crons\EveryMinuteCron at 0.72170500 1708979941
[2024-02-26 12:39:01] Finished Aeros\App\Queues\Crons\EveryMinuteCron at 0.73356300 1708979941:: Array
(
    [0] => root        3118  0.0  1.8  97324 37236 ?        S    12:39   0:00 /usr/bin/php
    [1] => root        3127  0.0  0.0   8900   664 ?        S    12:39   0:00 grep php
)

[2024-02-26 12:40:02] Starting Aeros\App\Queues\Crons\Every10MinutesCron at 0.04241600 1708980002
[2024-02-26 12:40:02] Finished Aeros\App\Queues\Crons\Every10MinutesCron at 0.05111200 1708980002:: Array
(
    [0] => root        3204  0.0  0.0   8900   724 ?        S    12:40   0:00 grep httpd
)

[2024-02-26 12:40:02] Starting Aeros\App\Queues\Crons\EveryMinuteCron at 0.05223400 1708980002
[2024-02-26 12:40:02] Finished Aeros\App\Queues\Crons\EveryMinuteCron at 0.05993700 1708980002:: Array
(
    [0] => root        3195  0.0  1.8  97324 37228 ?        S    12:40   0:00 /usr/bin/php
    [1] => root        3207  0.0  0.0   8900   660 ?        S    12:40   0:00 grep php
)

[2024-02-26 12:41:01] Starting Aeros\App\Queues\Crons\EveryMinuteCron at 0.21173200 1708980061
[2024-02-26 12:41:01] Finished Aeros\App\Queues\Crons\EveryMinuteCron at 0.22026300 1708980061:: Array
(
    [0] => root        3211  0.0  1.8  97324 36900 ?        S    12:41   0:00 /usr/bin/php
    [1] => root        3220  0.0  0.0   8900   736 ?        S    12:41   0:00 grep php
)

[2024-02-26 12:42:01] Starting Aeros\App\Queues\Crons\EveryMinuteCron at 0.51001200 1708980121
[2024-02-26 12:42:01] Finished Aeros\App\Queues\Crons\EveryMinuteCron at 0.52212500 1708980121:: Array
(
    [0] => root        3224  9.0  1.8  97324 37288 ?        S    12:42   0:00 /usr/bin/php
    [1] => root        3233  0.0  0.0   8900   724 ?        S    12:42   0:00 grep php
)

[2024-02-26 12:43:01] Starting Aeros\App\Queues\Crons\EveryMinuteCron at 0.81112400 1708980181
[2024-02-26 12:43:01] Finished Aeros\App\Queues\Crons\EveryMinuteCron at 0.81963800 1708980181:: Array
(
    [0] => root        3238  0.0  1.8  97324 37308 ?        S    12:43   0:00 /usr/bin/php
    [1] => root        3247  0.0  0.0   8900   736 ?        S    12:43   0:00 grep php
)

[2024-02-26 12:44:02] Starting Aeros\App\Queues\Crons\EveryMinuteCron at 0.03687600 1708980242
[2024-02-26 12:44:02] Finished Aeros\App\Queues\Crons\EveryMinuteCron at 0.04733700 1708980242:: Array
(
    [0] => root        3252  0.0  1.8  97324 37136 ?        S    12:44   0:00 /usr/bin/php
    [1] => root        3261  0.0  0.0   8900   736 ?        S    12:44   0:00 grep php
)

[2024-02-26 12:45:01] Starting Aeros\App\Queues\Crons\EveryMinuteCron at 0.24975800 1708980301
[2024-02-26 12:45:01] Finished Aeros\App\Queues\Crons\EveryMinuteCron at 0.25918100 1708980301:: Array
(
    [0] => root        3268  0.0  1.8  97324 37160 ?        S    12:45   0:00 /usr/bin/php
    [1] => root        3277  0.0  0.0   8900   732 ?        S    12:45   0:00 grep php
)

[2024-02-26 12:46:01] Starting Aeros\App\Queues\Crons\EveryMinuteCron at 0.55553300 1708980361
[2024-02-26 12:46:01] Finished Aeros\App\Queues\Crons\EveryMinuteCron at 0.56601200 1708980361:: Array
(
    [0] => root        3281 16.0  1.8  97324 37436 ?        S    12:46   0:00 /usr/bin/php
    [1] => root        3290  0.0  0.0   8900   724 ?        S    12:46   0:00 grep php
)

[2024-02-26 12:47:01] Starting Aeros\App\Queues\Crons\EveryMinuteCron at 0.90116900 1708980421
[2024-02-26 12:47:01] Finished Aeros\App\Queues\Crons\EveryMinuteCron at 0.91022600 1708980421:: Array
(
    [0] => root        3294  0.0  1.8  97324 36948 ?        S    12:47   0:00 /usr/bin/php
    [1] => root        3303  0.0  0.0   8900   672 ?        S    12:47   0:00 grep php
)

[2024-02-26 12:48:02] Starting Aeros\App\Queues\Crons\EveryMinuteCron at 0.25090900 1708980482
[2024-02-26 12:48:02] Finished Aeros\App\Queues\Crons\EveryMinuteCron at 0.25992100 1708980482:: Array
(
    [0] => root        3307  0.0  1.8  97324 37236 ?        S    12:48   0:00 /usr/bin/php
    [1] => root        3316  0.0  0.0   8900   736 ?        S    12:48   0:00 grep php
)

[2024-02-26 12:49:01] Starting Aeros\App\Queues\Crons\EveryMinuteCron at 0.44169500 1708980541
[2024-02-26 12:49:01] Finished Aeros\App\Queues\Crons\EveryMinuteCron at 0.45070900 1708980541:: Array
(
    [0] => root        3320  8.0  1.8  97324 37052 ?        S    12:49   0:00 /usr/bin/php
    [1] => root        3329  0.0  0.0   8900   668 ?        S    12:49   0:00 grep php
)

[2024-02-26 12:50:01] Starting Aeros\App\Queues\Crons\Every10MinutesCron at 0.71660200 1708980601
[2024-02-26 12:50:01] Finished Aeros\App\Queues\Crons\Every10MinutesCron at 0.72586700 1708980601:: Array
(
    [0] => root        3343  0.0  0.0   8900   732 ?        S    12:50   0:00 grep httpd
)

[2024-02-26 12:50:01] Starting Aeros\App\Queues\Crons\EveryMinuteCron at 0.72844300 1708980601
[2024-02-26 12:50:01] Finished Aeros\App\Queues\Crons\EveryMinuteCron at 0.73727100 1708980601:: Array
(
    [0] => root        3334  0.0  1.8  97324 37092 ?        S    12:50   0:00 /usr/bin/php
    [1] => root        3346  0.0  0.0   8900   736 ?        S    12:50   0:00 grep php
)

[2024-02-26 12:51:02] Starting Aeros\App\Queues\Crons\EveryMinuteCron at 0.04308800 1708980662
[2024-02-26 12:51:02] Finished Aeros\App\Queues\Crons\EveryMinuteCron at 0.05391000 1708980662:: Array
(
    [0] => root        3351  0.0  1.8  97324 36812 ?        S    12:51   0:00 /usr/bin/php
    [1] => root        3360  0.0  0.0   8900   736 ?        S    12:51   0:00 grep php
)

[2024-02-26 12:52:01] Starting Aeros\App\Queues\Crons\EveryMinuteCron at 0.25794500 1708980721
[2024-02-26 12:52:01] Finished Aeros\App\Queues\Crons\EveryMinuteCron at 0.26759700 1708980721:: Array
(
    [0] => root        3364  0.0  1.8  97324 37000 ?        S    12:52   0:00 /usr/bin/php
    [1] => root        3373  0.0  0.0   8900   672 ?        S    12:52   0:00 grep php
)

[2024-02-26 12:53:01] Starting Aeros\App\Queues\Crons\EveryMinuteCron at 0.61594200 1708980781
[2024-02-26 12:53:01] Finished Aeros\App\Queues\Crons\EveryMinuteCron at 0.62460100 1708980781:: Array
(
    [0] => root        3377  9.0  1.8  97324 37348 ?        S    12:53   0:00 /usr/bin/php
    [1] => root        3386  0.0  0.0   8900   728 ?        S    12:53   0:00 grep php
)

[2024-02-26 12:54:01] Starting Aeros\App\Queues\Crons\EveryMinuteCron at 0.95828000 1708980841
[2024-02-26 12:54:01] Finished Aeros\App\Queues\Crons\EveryMinuteCron at 0.96730300 1708980841:: Array
(
    [0] => root        3390  0.0  1.8  97324 37128 ?        S    12:54   0:00 /usr/bin/php
    [1] => root        3399  0.0  0.0   8900   732 ?        S    12:54   0:00 grep php
)

[2024-02-26 12:55:02] Starting Aeros\App\Queues\Crons\EveryMinuteCron at 0.24397300 1708980902
[2024-02-26 12:55:02] Finished Aeros\App\Queues\Crons\EveryMinuteCron at 0.25352700 1708980902:: Array
(
    [0] => root        3407  0.0  1.8  97324 37384 ?        S    12:55   0:00 /usr/bin/php
    [1] => root        3416  0.0  0.0   8900   720 ?        S    12:55   0:00 grep php
)

[2024-02-26 12:56:01] Starting Aeros\App\Queues\Crons\EveryMinuteCron at 0.44776000 1708980961
[2024-02-26 12:56:01] Finished Aeros\App\Queues\Crons\EveryMinuteCron at 0.45877100 1708980961:: Array
(
    [0] => root        3420  7.0  1.8  97324 37236 ?        S    12:56   0:00 /usr/bin/php
    [1] => root        3429  0.0  0.0   8900   660 ?        S    12:56   0:00 grep php
)

[2024-02-26 12:57:01] Starting Aeros\App\Queues\Crons\EveryMinuteCron at 0.81593900 1708981021
[2024-02-26 12:57:01] Finished Aeros\App\Queues\Crons\EveryMinuteCron at 0.82613000 1708981021:: Array
(
    [0] => root        3433  0.0  1.8  97324 37236 ?        S    12:57   0:00 /usr/bin/php
    [1] => root        3442  0.0  0.0   8900   732 ?        S    12:57   0:00 grep php
)

[2024-02-26 12:58:02] Starting Aeros\App\Queues\Crons\EveryMinuteCron at 0.15391900 1708981082
[2024-02-26 12:58:02] Finished Aeros\App\Queues\Crons\EveryMinuteCron at 0.16426900 1708981082:: Array
(
    [0] => root        3446  0.0  1.8  97324 37372 ?        S    12:58   0:00 /usr/bin/php
    [1] => root        3455  0.0  0.0   8900   660 ?        S    12:58   0:00 grep php
)

[2024-02-26 12:59:01] Starting Aeros\App\Queues\Crons\EveryMinuteCron at 0.38933200 1708981141
[2024-02-26 12:59:01] Finished Aeros\App\Queues\Crons\EveryMinuteCron at 0.39966000 1708981141:: Array
(
    [0] => root        3459  0.0  1.8  97324 37252 ?        S    12:59   0:00 /usr/bin/php
    [1] => root        3468  0.0  0.0   8900   732 ?        S    12:59   0:00 grep php
)

[2024-02-26 13:00:01] Starting Aeros\App\Queues\Crons\Every10MinutesCron at 0.76384300 1708981201
[2024-02-26 13:00:01] Finished Aeros\App\Queues\Crons\Every10MinutesCron at 0.77347500 1708981201:: Array
(
    [0] => root        3481  0.0  0.0   8900   736 ?        S    13:00   0:00 grep httpd
)

[2024-02-26 13:00:01] Starting Aeros\App\Queues\Crons\EveryMinuteCron at 0.77490000 1708981201
[2024-02-26 13:00:01] Finished Aeros\App\Queues\Crons\EveryMinuteCron at 0.78445200 1708981201:: Array
(
    [0] => root        3472  9.0  1.8  97324 37288 ?        S    13:00   0:00 /usr/bin/php
    [1] => root        3484  0.0  0.0   8900   728 ?        S    13:00   0:00 grep php
)

[2024-02-26 13:01:02] Starting Aeros\App\Queues\Crons\EveryMinuteCron at 0.12962100 1708981262
[2024-02-26 13:01:02] Finished Aeros\App\Queues\Crons\EveryMinuteCron at 0.13984100 1708981262:: Array
(
    [0] => root        3489  0.0  1.8  97324 37232 ?        S    13:01   0:00 /usr/bin/php
    [1] => root        3498  0.0  0.0   8900   736 ?        S    13:01   0:00 grep php
)

[2024-02-26 13:02:01] Starting Aeros\App\Queues\Crons\EveryMinuteCron at 0.46380600 1708981321
[2024-02-26 13:02:01] Finished Aeros\App\Queues\Crons\EveryMinuteCron at 0.47318700 1708981321:: Array
(
    [0] => root        3502  8.0  1.8  97324 37144 ?        S    13:02   0:00 /usr/bin/php
    [1] => root        3511  0.0  0.0   8900   732 ?        S    13:02   0:00 grep php
)

[2024-02-26 13:03:01] Starting Aeros\App\Queues\Crons\EveryMinuteCron at 0.77702500 1708981381
[2024-02-26 13:03:01] Finished Aeros\App\Queues\Crons\EveryMinuteCron at 0.78881800 1708981381:: Array
(
    [0] => root        3516  0.0  1.8  97324 36984 ?        S    13:03   0:00 /usr/bin/php
    [1] => root        3525  0.0  0.0   8900   724 ?        S    13:03   0:00 grep php
)

[2024-02-26 13:04:02] Starting Aeros\App\Queues\Crons\EveryMinuteCron at 0.11722100 1708981442
[2024-02-26 13:04:02] Finished Aeros\App\Queues\Crons\EveryMinuteCron at 0.12577700 1708981442:: Array
(
    [0] => root        3529  0.0  1.8  97324 36868 ?        S    13:04   0:00 /usr/bin/php
    [1] => root        3538  0.0  0.0   8900   740 ?        S    13:04   0:00 grep php
)

[2024-02-26 13:05:01] Starting Aeros\App\Queues\Crons\EveryMinuteCron at 0.31072800 1708981501
[2024-02-26 13:05:01] Finished Aeros\App\Queues\Crons\EveryMinuteCron at 0.31950400 1708981501:: Array
(
    [0] => root        3544  0.0  1.8  97324 37048 ?        S    13:05   0:00 /usr/bin/php
    [1] => root        3554  0.0  0.0   8900   736 ?        S    13:05   0:00 grep php
)

[2024-02-26 13:06:01] Starting Aeros\App\Queues\Crons\EveryMinuteCron at 0.65014200 1708981561
[2024-02-26 13:06:01] Finished Aeros\App\Queues\Crons\EveryMinuteCron at 0.65950300 1708981561:: Array
(
    [0] => root        3558  9.0  1.8  97324 37224 ?        S    13:06   0:00 /usr/bin/php
    [1] => root        3568  0.0  0.0   8900   668 ?        S    13:06   0:00 grep php
)

[2024-02-26 13:07:01] Starting Aeros\App\Queues\Crons\EveryMinuteCron at 0.98933800 1708981621
[2024-02-26 13:07:01] Finished Aeros\App\Queues\Crons\EveryMinuteCron at 0.99957600 1708981621:: Array
(
    [0] => root        3573  0.0  1.8  97324 36952 ?        S    13:07   0:00 /usr/bin/php
    [1] => root        3582  0.0  0.0   8900   740 ?        S    13:07   0:00 grep php
)

[2024-02-26 13:08:01] Starting Aeros\App\Queues\Crons\EveryMinuteCron at 0.17994800 1708981681
[2024-02-26 13:08:01] Finished Aeros\App\Queues\Crons\EveryMinuteCron at 0.18935400 1708981681:: Array
(
    [0] => root        3586  0.0  1.8  97324 37084 ?        S    13:08   0:00 /usr/bin/php
    [1] => root        3595  0.0  0.0   8900   732 ?        S    13:08   0:00 grep php
)

[2024-02-26 13:09:01] Starting Aeros\App\Queues\Crons\EveryMinuteCron at 0.54186600 1708981741
[2024-02-26 13:09:01] Finished Aeros\App\Queues\Crons\EveryMinuteCron at 0.55214100 1708981741:: Array
(
    [0] => root        3601 10.0  1.8  97324 37220 ?        S    13:09   0:00 /usr/bin/php
    [1] => root        3610  0.0  0.0   8900   732 ?        S    13:09   0:00 grep php
)

[2024-02-26 13:10:01] Starting Aeros\App\Queues\Crons\Every10MinutesCron at 0.85496000 1708981801
[2024-02-26 13:10:01] Finished Aeros\App\Queues\Crons\Every10MinutesCron at 0.86329800 1708981801:: Array
(
    [0] => root        3689  0.0  0.0   8900   736 ?        S    13:10   0:00 grep httpd
)

[2024-02-26 13:10:01] Starting Aeros\App\Queues\Crons\EveryMinuteCron at 0.86429600 1708981801
[2024-02-26 13:10:01] Finished Aeros\App\Queues\Crons\EveryMinuteCron at 0.87196400 1708981801:: Array
(
    [0] => root        3680  0.0  1.8  97324 37256 ?        S    13:10   0:00 /usr/bin/php
    [1] => root        3692  0.0  0.0   8900   740 ?        S    13:10   0:00 grep php
)

[2024-02-26 13:11:02] Starting Aeros\App\Queues\Crons\EveryMinuteCron at 0.17574900 1708981862
[2024-02-26 13:11:02] Finished Aeros\App\Queues\Crons\EveryMinuteCron at 0.18541000 1708981862:: Array
(
    [0] => root        3696  0.0  1.8  97324 36912 ?        S    13:11   0:00 /usr/bin/php
    [1] => root        3705  0.0  0.0   8900   720 ?        S    13:11   0:00 grep php
)

[2024-02-26 13:12:01] Starting Aeros\App\Queues\Crons\EveryMinuteCron at 0.38035100 1708981921
[2024-02-26 13:12:01] Finished Aeros\App\Queues\Crons\EveryMinuteCron at 0.38986700 1708981921:: Array
(
    [0] => root        3709  0.0  1.8  97324 37160 ?        S    13:12   0:00 /usr/bin/php
    [1] => root        3718  0.0  0.0   8900   740 ?        S    13:12   0:00 grep php
)

[2024-02-26 13:13:01] Starting Aeros\App\Queues\Crons\EveryMinuteCron at 0.71136200 1708981981
[2024-02-26 13:13:01] Finished Aeros\App\Queues\Crons\EveryMinuteCron at 0.72025100 1708981981:: Array
(
    [0] => root        3723  9.0  1.8  97324 37044 ?        S    13:13   0:00 /usr/bin/php
    [1] => root        3732  0.0  0.0   8900   736 ?        S    13:13   0:00 grep php
)

[2024-02-26 13:14:02] Starting Aeros\App\Queues\Crons\EveryMinuteCron at 0.05368500 1708982042
[2024-02-26 13:14:02] Finished Aeros\App\Queues\Crons\EveryMinuteCron at 0.06242800 1708982042:: Array
(
    [0] => root        3736  0.0  1.8  97324 37004 ?        S    13:14   0:00 /usr/bin/php
    [1] => root        3745  0.0  0.0   8900   672 ?        S    13:14   0:00 grep php
)

[2024-02-26 13:15:01] Starting Aeros\App\Queues\Crons\EveryMinuteCron at 0.25289600 1708982101
[2024-02-26 13:15:01] Finished Aeros\App\Queues\Crons\EveryMinuteCron at 0.26183800 1708982101:: Array
(
    [0] => root        3752  0.0  1.8  97324 37064 ?        S    13:15   0:00 /usr/bin/php
    [1] => root        3761  0.0  0.0   8900   736 ?        S    13:15   0:00 grep php
)

[2024-02-26 13:16:01] Starting Aeros\App\Queues\Crons\EveryMinuteCron at 0.57601100 1708982161
[2024-02-26 13:16:01] Finished Aeros\App\Queues\Crons\EveryMinuteCron at 0.58593600 1708982161:: Array
(
    [0] => root        3765  9.0  1.8  97324 36944 ?        S    13:16   0:00 /usr/bin/php
    [1] => root        3774  0.0  0.0   8900   672 ?        S    13:16   0:00 grep php
)

[2024-02-26 13:17:01] Starting Aeros\App\Queues\Crons\EveryMinuteCron at 0.92228300 1708982221
[2024-02-26 13:17:01] Finished Aeros\App\Queues\Crons\EveryMinuteCron at 0.93285300 1708982221:: Array
(
    [0] => root        3781  0.0  1.8  97324 36980 ?        S    13:17   0:00 /usr/bin/php
    [1] => root        3790  0.0  0.0   8900   736 ?        S    13:17   0:00 grep php
)

[2024-02-26 13:18:02] Starting Aeros\App\Queues\Crons\EveryMinuteCron at 0.20431200 1708982282
[2024-02-26 13:18:02] Finished Aeros\App\Queues\Crons\EveryMinuteCron at 0.21419100 1708982282:: Array
(
    [0] => root        3795  0.0  1.8  97324 37092 ?        S    13:18   0:00 /usr/bin/php
    [1] => root        3804  0.0  0.0   8900   676 ?        S    13:18   0:00 grep php
)

[2024-02-26 13:19:01] Starting Aeros\App\Queues\Crons\EveryMinuteCron at 0.49427900 1708982341
[2024-02-26 13:19:01] Finished Aeros\App\Queues\Crons\EveryMinuteCron at 0.50429200 1708982341:: Array
(
    [0] => root        3808  6.0  1.8  97324 37148 ?        S    13:19   0:00 /usr/bin/php
    [1] => root        3817  0.0  0.0   8900   736 ?        S    13:19   0:00 grep php
)

[2024-02-26 13:20:01] Starting Aeros\App\Queues\Crons\Every10MinutesCron at 0.85046000 1708982401
[2024-02-26 13:20:01] Finished Aeros\App\Queues\Crons\Every10MinutesCron at 0.86315100 1708982401:: Array
(
    [0] => root        3877  0.0  0.0   8900   664 ?        S    13:20   0:00 grep httpd
)

[2024-02-26 13:20:01] Starting Aeros\App\Queues\Crons\EveryMinuteCron at 0.86497000 1708982401
[2024-02-26 13:20:01] Finished Aeros\App\Queues\Crons\EveryMinuteCron at 0.87639700 1708982401:: Array
(
    [0] => root        3868  0.0  1.8  97324 37212 ?        S    13:20   0:00 /usr/bin/php
    [1] => root        3880  0.0  0.0   8900   736 ?        S    13:20   0:00 grep php
)

[2024-02-26 13:21:02] Starting Aeros\App\Queues\Crons\EveryMinuteCron at 0.24140000 1708982462
[2024-02-26 13:21:02] Finished Aeros\App\Queues\Crons\EveryMinuteCron at 0.25422000 1708982462:: Array
(
    [0] => root        3884  0.0  1.8  97324 37120 ?        S    13:21   0:00 /usr/bin/php
    [1] => root        3893  0.0  0.0   8900   732 ?        S    13:21   0:00 grep php
)

[2024-02-26 13:22:01] Starting Aeros\App\Queues\Crons\EveryMinuteCron at 0.46276100 1708982521
[2024-02-26 13:22:01] Finished Aeros\App\Queues\Crons\EveryMinuteCron at 0.47330700 1708982521:: Array
(
    [0] => root        3897  8.0  1.8  97324 37360 ?        S    13:22   0:00 /usr/bin/php
    [1] => root        3906  0.0  0.0   8900   676 ?        S    13:22   0:00 grep php
)

[2024-02-26 13:23:01] Starting Aeros\App\Queues\Crons\EveryMinuteCron at 0.72763100 1708982581
[2024-02-26 13:23:01] Finished Aeros\App\Queues\Crons\EveryMinuteCron at 0.73612700 1708982581:: Array
(
    [0] => root        3910  0.0  1.8  97324 37076 ?        S    13:23   0:00 /usr/bin/php
    [1] => root        3919  0.0  0.0   8900   736 ?        S    13:23   0:00 grep php
)

[2024-02-26 13:24:02] Starting Aeros\App\Queues\Crons\EveryMinuteCron at 0.04985100 1708982642
[2024-02-26 13:24:02] Finished Aeros\App\Queues\Crons\EveryMinuteCron at 0.05992600 1708982642:: Array
(
    [0] => root        3924  0.0  1.8  97324 37296 ?        S    13:24   0:00 /usr/bin/php
    [1] => root        3933  0.0  0.0   8900   736 ?        S    13:24   0:00 grep php
)

[2024-02-26 13:25:01] Starting Aeros\App\Queues\Crons\EveryMinuteCron at 0.25349900 1708982701
[2024-02-26 13:25:01] Finished Aeros\App\Queues\Crons\EveryMinuteCron at 0.26496800 1708982701:: Array
(
    [0] => root        3942  0.0  1.8  97324 37120 ?        S    13:25   0:00 /usr/bin/php
    [1] => root        3951  0.0  0.0   8900   736 ?        S    13:25   0:00 grep php
)

[2024-02-26 13:26:01] Starting Aeros\App\Queues\Crons\EveryMinuteCron at 0.85165000 1708982761
[2024-02-26 13:26:01] Finished Aeros\App\Queues\Crons\EveryMinuteCron at 0.86949800 1708982761:: Array
(
    [0] => root        3957 15.0  1.8  97324 37136 ?        S    13:26   0:00 /usr/bin/php
    [1] => root        3966  0.0  0.0   8900   740 ?        S    13:26   0:00 grep php
)

[2024-02-26 13:27:02] Starting Aeros\App\Queues\Crons\EveryMinuteCron at 0.26899300 1708982822
[2024-02-26 13:27:02] Finished Aeros\App\Queues\Crons\EveryMinuteCron at 0.27961200 1708982822:: Array
(
    [0] => root        3970  0.0  1.8  97324 37012 ?        S    13:27   0:00 /usr/bin/php
    [1] => root        3979  0.0  0.0   8900   676 ?        S    13:27   0:00 grep php
)

[2024-02-26 13:28:01] Starting Aeros\App\Queues\Crons\EveryMinuteCron at 0.46798500 1708982881
[2024-02-26 13:28:01] Finished Aeros\App\Queues\Crons\EveryMinuteCron at 0.47835200 1708982881:: Array
(
    [0] => root        3983  8.0  1.8  97324 37088 ?        S    13:28   0:00 /usr/bin/php
    [1] => root        3992  0.0  0.0   8900   732 ?        S    13:28   0:00 grep php
)

[2024-02-26 13:29:01] Starting Aeros\App\Queues\Crons\EveryMinuteCron at 0.80546300 1708982941
[2024-02-26 13:29:01] Finished Aeros\App\Queues\Crons\EveryMinuteCron at 0.81419400 1708982941:: Array
(
    [0] => root        3996  0.0  1.8  97324 37408 ?        S    13:29   0:00 /usr/bin/php
    [1] => root        4005  0.0  0.0   8900   672 ?        S    13:29   0:00 grep php
)

