[2023-10-24 15:36:44] Added new job to pipeline "aeros_gx_pipelines": O:15:"Jobs\CleanupJob":0:{}
[2023-10-24 15:36:44] Added new job to pipeline "aeros_gx_pipelines": O:18:"Jobs\SendEmailsJob":0:{}
[2023-10-24 15:36:44] Added new job to pipeline "aeros_gx_pipelines": O:23:"Jobs\DatabaseCleanupJob":0:{}
[2023-10-24 15:36:44] Added new job to pipeline "aeros_gx_pipelines": O:20:"Jobs\WebhookCallsJob":0:{}
[2023-10-24 15:36:44] Added new job to pipeline "aeros_gx_pipelines": O:21:"Jobs\ProcessImagesJob":0:{}
[2023-10-24 15:36:50] Added new job to pipeline "aeros_gx_pipelines": O:15:"Jobs\CleanupJob":0:{}
[2023-10-24 15:36:50] Added new job to pipeline "aeros_gx_pipelines": O:18:"Jobs\SendEmailsJob":0:{}
[2023-10-24 15:36:50] Added new job to pipeline "aeros_gx_pipelines": O:23:"Jobs\DatabaseCleanupJob":0:{}
[2023-10-24 15:36:50] Added new job to pipeline "aeros_gx_pipelines": O:20:"Jobs\WebhookCallsJob":0:{}
[2023-10-24 15:36:50] Added new job to pipeline "aeros_gx_pipelines": O:21:"Jobs\ProcessImagesJob":0:{}
[2023-10-24 15:36:53] Added new job to pipeline "aeros_gx_pipelines": O:15:"Jobs\CleanupJob":0:{}
[2023-10-24 15:36:53] Added new job to pipeline "aeros_gx_pipelines": O:18:"Jobs\SendEmailsJob":0:{}
[2023-10-24 15:36:53] Added new job to pipeline "aeros_gx_pipelines": O:23:"Jobs\DatabaseCleanupJob":0:{}
[2023-10-24 15:36:53] Added new job to pipeline "aeros_gx_pipelines": O:20:"Jobs\WebhookCallsJob":0:{}
[2023-10-24 15:36:53] Added new job to pipeline "aeros_gx_pipelines": O:21:"Jobs\ProcessImagesJob":0:{}
[2023-10-24 15:36:55] Added new job to pipeline "aeros_gx_pipelines": O:15:"Jobs\CleanupJob":0:{}
[2023-10-24 15:36:55] Added new job to pipeline "aeros_gx_pipelines": O:18:"Jobs\SendEmailsJob":0:{}
[2023-10-24 15:36:55] Added new job to pipeline "aeros_gx_pipelines": O:23:"Jobs\DatabaseCleanupJob":0:{}
[2023-10-24 15:36:55] Added new job to pipeline "aeros_gx_pipelines": O:20:"Jobs\WebhookCallsJob":0:{}
[2023-10-24 15:36:55] Added new job to pipeline "aeros_gx_pipelines": O:21:"Jobs\ProcessImagesJob":0:{}
[2023-10-24 15:37:09] Added new job to pipeline "aeros_gx_pipelines": O:15:"Jobs\CleanupJob":0:{}
[2023-10-24 15:37:09] Added new job to pipeline "aeros_gx_pipelines": O:18:"Jobs\SendEmailsJob":0:{}
[2023-10-24 15:37:09] Added new job to pipeline "aeros_gx_pipelines": O:23:"Jobs\DatabaseCleanupJob":0:{}
[2023-10-24 15:37:09] Added new job to pipeline "aeros_gx_pipelines": O:20:"Jobs\WebhookCallsJob":0:{}
[2023-10-24 15:37:09] Added new job to pipeline "aeros_gx_pipelines": O:21:"Jobs\ProcessImagesJob":0:{}
[2023-10-24 15:43:40] Added new job to pipeline "aeros_gx_pipelines": O:15:"Jobs\CleanupJob":0:{}
[2023-10-24 15:43:40] Added new job to pipeline "aeros_gx_pipelines": O:18:"Jobs\SendEmailsJob":0:{}
[2023-10-24 15:43:40] Added new job to pipeline "aeros_gx_pipelines": O:23:"Jobs\DatabaseCleanupJob":0:{}
[2023-10-24 15:43:40] Added new job to pipeline "aeros_gx_pipelines": O:20:"Jobs\WebhookCallsJob":0:{}
[2023-10-24 15:43:40] Added new job to pipeline "aeros_gx_pipelines": O:21:"Jobs\ProcessImagesJob":0:{}
[2023-10-24 15:43:59] Added new job to pipeline "aeros_gx_pipelines": O:15:"Jobs\CleanupJob":0:{}
[2023-10-24 15:43:59] Added new job to pipeline "aeros_gx_pipelines": O:18:"Jobs\SendEmailsJob":0:{}
[2023-10-24 15:43:59] Added new job to pipeline "aeros_gx_pipelines": O:23:"Jobs\DatabaseCleanupJob":0:{}
[2023-10-24 15:43:59] Added new job to pipeline "aeros_gx_pipelines": O:20:"Jobs\WebhookCallsJob":0:{}
[2023-10-24 15:43:59] Added new job to pipeline "aeros_gx_pipelines": O:21:"Jobs\ProcessImagesJob":0:{}
[2023-10-24 15:44:17] Added new job to pipeline "aeros_gx_pipelines": O:15:"Jobs\CleanupJob":0:{}
[2023-10-24 15:44:17] Added new job to pipeline "aeros_gx_pipelines": O:18:"Jobs\SendEmailsJob":0:{}
[2023-10-24 15:44:17] Added new job to pipeline "aeros_gx_pipelines": O:23:"Jobs\DatabaseCleanupJob":0:{}
[2023-10-24 15:44:17] Added new job to pipeline "aeros_gx_pipelines": O:20:"Jobs\WebhookCallsJob":0:{}
[2023-10-24 15:44:17] Added new job to pipeline "aeros_gx_pipelines": O:21:"Jobs\ProcessImagesJob":0:{}
[2023-10-24 15:44:19] Added new job to pipeline "aeros_gx_pipelines": O:15:"Jobs\CleanupJob":0:{}
[2023-10-24 15:44:19] Added new job to pipeline "aeros_gx_pipelines": O:18:"Jobs\SendEmailsJob":0:{}
[2023-10-24 15:44:19] Added new job to pipeline "aeros_gx_pipelines": O:23:"Jobs\DatabaseCleanupJob":0:{}
[2023-10-24 15:44:19] Added new job to pipeline "aeros_gx_pipelines": O:20:"Jobs\WebhookCallsJob":0:{}
[2023-10-24 15:44:19] Added new job to pipeline "aeros_gx_pipelines": O:21:"Jobs\ProcessImagesJob":0:{}
