[2023-10-24 15:37:09] Doing work for: Jobs\DatabaseCleanupJob
[2023-10-24 15:37:09] Doing work for: Jobs\ProcessImagesJob
[2023-10-24 15:37:09] Doing work for: Jobs\WebhookCallsJob
[2023-10-24 15:37:09] Doing work for: Jobs\SendEmailsJob
[2023-10-24 15:37:09] Doing work for: Jobs\CleanupJob
[2023-10-24 15:43:40] Doing work for: Jobs\DatabaseCleanupJob
[2023-10-24 15:43:40] Doing work for: Jobs\ProcessImagesJob
[2023-10-24 15:43:40] Doing work for: Jobs\WebhookCallsJob
[2023-10-24 15:43:40] Doing work for: Jobs\SendEmailsJob
[2023-10-24 15:43:40] Doing work for: Jobs\CleanupJob
[2023-10-24 15:43:59] Doing work for: Jobs\DatabaseCleanupJob
[2023-10-24 15:43:59] Doing work for: Jobs\ProcessImagesJob
[2023-10-24 15:43:59] Doing work for: Jobs\WebhookCallsJob
[2023-10-24 15:43:59] Doing work for: Jobs\SendEmailsJob
[2023-10-24 15:43:59] Doing work for: Jobs\CleanupJob
[2023-10-24 15:44:17] Doing work for: Jobs\DatabaseCleanupJob
[2023-10-24 15:44:17] Doing work for: Jobs\ProcessImagesJob
[2023-10-24 15:44:17] Doing work for: Jobs\WebhookCallsJob
[2023-10-24 15:44:17] Doing work for: Jobs\SendEmailsJob
[2023-10-24 15:44:17] Doing work for: Jobs\CleanupJob
[2023-10-24 15:44:19] Doing work for: Jobs\DatabaseCleanupJob
[2023-10-24 15:44:19] Doing work for: Jobs\ProcessImagesJob
[2023-10-24 15:44:19] Doing work for: Jobs\WebhookCallsJob
[2023-10-24 15:44:19] Doing work for: Jobs\SendEmailsJob
[2023-10-24 15:44:19] Doing work for: Jobs\CleanupJob
